<?xml version="1.0" encoding="UTF-8"?>
<testng-results skipped="0" failed="0" total="1" passed="1">
  <reporter-output>
  </reporter-output>
  <suite name="Default suite" duration-ms="84497" started-at="2021-03-06T04:58:58Z" finished-at="2021-03-06T05:00:23Z">
    <groups>
    </groups>
    <test name="Default test" duration-ms="84497" started-at="2021-03-06T04:58:58Z" finished-at="2021-03-06T05:00:23Z">
      <class name="com.zohocrm.testcases.leadstest">
        <test-method status="PASS" signature="setup()[pri:0, instance:com.zohocrm.testcases.leadstest@35851384]" name="setup" is-config="true" duration-ms="80180" started-at="2021-03-06T10:28:58Z" finished-at="2021-03-06T10:30:18Z">
          <reporter-output>
          </reporter-output>
        </test-method> <!-- setup -->
        <test-method status="PASS" signature="createleadtest()[pri:0, instance:com.zohocrm.testcases.leadstest@35851384]" name="createleadtest" duration-ms="4227" started-at="2021-03-06T10:30:18Z" finished-at="2021-03-06T10:30:23Z">
          <reporter-output>
          </reporter-output>
        </test-method> <!-- createleadtest -->
      </class> <!-- com.zohocrm.testcases.leadstest -->
    </test> <!-- Default test -->
  </suite> <!-- Default suite -->
</testng-results>
